<?xml version="1.0" encoding="UTF-8"?>
<!-- Generated by org.testng.reporters.JUnitXMLReporter -->
<testsuite hostname="vkumarmac" name="Default test" tests="2" failures="0" timestamp="3 Aug 2014 19:13:31 GMT" time="2.861" errors="0">
  <testcase name="getFoodTruckListFromUrl" time="2.469" classname="com.uber.foodtruck.service.impl.FoodTruckServiceImplTest"/>
  <testcase name="getListOfFoodTrucksTest" time="0.204" classname="com.uber.foodtruck.service.impl.FoodTruckServiceImplTest"/>
</testsuite> <!-- Default test -->
