<?xml version="1.0" encoding="UTF-8"?>
<testng-results skipped="0" failed="0" total="2" passed="2">
  <reporter-output>
  </reporter-output>
  <suite name="Default suite" duration-ms="2861" started-at="2014-08-03T19:13:28Z" finished-at="2014-08-03T19:13:31Z">
    <groups>
    </groups>
    <test name="Default test" duration-ms="2861" started-at="2014-08-03T19:13:28Z" finished-at="2014-08-03T19:13:31Z">
      <class name="com.uber.foodtruck.service.impl.FoodTruckServiceImplTest">
        <test-method status="PASS" signature="springTestContextBeforeTestClass()[pri:0, instance:com.uber.foodtruck.service.impl.FoodTruckServiceImplTest@21955fe1]" name="springTestContextBeforeTestClass" is-config="true" duration-ms="6" started-at="2014-08-03T12:13:28Z" finished-at="2014-08-03T12:13:28Z">
          <reporter-output>
          </reporter-output>
        </test-method> <!-- springTestContextBeforeTestClass -->
        <test-method status="PASS" signature="springTestContextPrepareTestInstance()[pri:0, instance:com.uber.foodtruck.service.impl.FoodTruckServiceImplTest@21955fe1]" name="springTestContextPrepareTestInstance" is-config="true" duration-ms="169" started-at="2014-08-03T12:13:28Z" depends-on-methods="org.springframework.test.context.testng.AbstractTestNGSpringContextTests.springTestContextBeforeTestClass" finished-at="2014-08-03T12:13:29Z">
          <reporter-output>
          </reporter-output>
        </test-method> <!-- springTestContextPrepareTestInstance -->
        <test-method status="PASS" signature="getFoodTruckListFromUrl()[pri:0, instance:com.uber.foodtruck.service.impl.FoodTruckServiceImplTest@21955fe1]" name="getFoodTruckListFromUrl" duration-ms="2469" started-at="2014-08-03T12:13:29Z" finished-at="2014-08-03T12:13:31Z">
          <reporter-output>
          </reporter-output>
        </test-method> <!-- getFoodTruckListFromUrl -->
        <test-method status="PASS" signature="springTestContextBeforeTestMethod(java.lang.reflect.Method)[pri:0, instance:com.uber.foodtruck.service.impl.FoodTruckServiceImplTest@21955fe1]" name="springTestContextBeforeTestMethod" is-config="true" duration-ms="0" started-at="2014-08-03T12:13:29Z" finished-at="2014-08-03T12:13:29Z">
          <params>
            <param index="0">
              <value>
                <![CDATA[public void com.uber.foodtruck.service.impl.FoodTruckServiceImplTest.getFoodTruckListFromUrl()]]>
              </value>
            </param>
          </params>
          <reporter-output>
          </reporter-output>
        </test-method> <!-- springTestContextBeforeTestMethod -->
        <test-method status="PASS" signature="springTestContextAfterTestMethod(java.lang.reflect.Method)[pri:0, instance:com.uber.foodtruck.service.impl.FoodTruckServiceImplTest@21955fe1]" name="springTestContextAfterTestMethod" is-config="true" duration-ms="1" started-at="2014-08-03T12:13:31Z" finished-at="2014-08-03T12:13:31Z">
          <params>
            <param index="0">
              <value>
                <![CDATA[public void com.uber.foodtruck.service.impl.FoodTruckServiceImplTest.getFoodTruckListFromUrl()]]>
              </value>
            </param>
          </params>
          <reporter-output>
          </reporter-output>
        </test-method> <!-- springTestContextAfterTestMethod -->
        <test-method status="PASS" signature="springTestContextBeforeTestMethod(java.lang.reflect.Method)[pri:0, instance:com.uber.foodtruck.service.impl.FoodTruckServiceImplTest@21955fe1]" name="springTestContextBeforeTestMethod" is-config="true" duration-ms="0" started-at="2014-08-03T12:13:31Z" finished-at="2014-08-03T12:13:31Z">
          <params>
            <param index="0">
              <value>
                <![CDATA[public void com.uber.foodtruck.service.impl.FoodTruckServiceImplTest.getListOfFoodTrucksTest() throws java.io.FileNotFoundException]]>
              </value>
            </param>
          </params>
          <reporter-output>
          </reporter-output>
        </test-method> <!-- springTestContextBeforeTestMethod -->
        <test-method status="PASS" signature="getListOfFoodTrucksTest()[pri:0, instance:com.uber.foodtruck.service.impl.FoodTruckServiceImplTest@21955fe1]" name="getListOfFoodTrucksTest" duration-ms="204" started-at="2014-08-03T12:13:31Z" finished-at="2014-08-03T12:13:31Z">
          <reporter-output>
          </reporter-output>
        </test-method> <!-- getListOfFoodTrucksTest -->
        <test-method status="PASS" signature="springTestContextAfterTestMethod(java.lang.reflect.Method)[pri:0, instance:com.uber.foodtruck.service.impl.FoodTruckServiceImplTest@21955fe1]" name="springTestContextAfterTestMethod" is-config="true" duration-ms="1" started-at="2014-08-03T12:13:31Z" finished-at="2014-08-03T12:13:31Z">
          <params>
            <param index="0">
              <value>
                <![CDATA[public void com.uber.foodtruck.service.impl.FoodTruckServiceImplTest.getListOfFoodTrucksTest() throws java.io.FileNotFoundException]]>
              </value>
            </param>
          </params>
          <reporter-output>
          </reporter-output>
        </test-method> <!-- springTestContextAfterTestMethod -->
        <test-method status="PASS" signature="springTestContextAfterTestClass()[pri:0, instance:com.uber.foodtruck.service.impl.FoodTruckServiceImplTest@21955fe1]" name="springTestContextAfterTestClass" is-config="true" duration-ms="1" started-at="2014-08-03T12:13:31Z" finished-at="2014-08-03T12:13:31Z">
          <reporter-output>
          </reporter-output>
        </test-method> <!-- springTestContextAfterTestClass -->
      </class> <!-- com.uber.foodtruck.service.impl.FoodTruckServiceImplTest -->
    </test> <!-- Default test -->
  </suite> <!-- Default suite -->
</testng-results>
